============================= test session starts ==============================
platform darwin -- Python 3.12.2, pytest-8.4.1, pluggy-1.6.0 -- /Users/phani.jammulamadaka/math-genius/.venv/bin/python
cachedir: .pytest_cache
rootdir: /Users/phani.jammulamadaka/math-genius
configfile: pyproject.toml
collecting ... collected 11 items

tests/test_algebra.py::test_solve_linear PASSED                          [  9%]
tests/test_algebra.py::test_solve_quadratic PASSED                       [ 18%]
tests/test_algebra.py::test_expand_expr PASSED                           [ 27%]
tests/test_algebra.py::test_factor_expr PASSED                           [ 36%]
tests/test_algebra.py::test_simplify_expr PASSED                         [ 45%]
tests/test_arithmetic.py::test_add PASSED                                [ 54%]
tests/test_arithmetic.py::test_subtract PASSED                           [ 63%]
tests/test_arithmetic.py::test_multiply PASSED                           [ 72%]
tests/test_arithmetic.py::test_divide PASSED                             [ 81%]
tests/test_arithmetic.py::test_power PASSED                              [ 90%]
tests/test_arithmetic.py::test_modulo PASSED                             [100%]

============================== 11 passed in 0.36s ==============================
